  main.cpp
C:\Users\dell\Downloads\Project1_HDH\NTFS\PartitionBootSector.h(43,2): warning C4091: 'typedef ': ignored on left of 'PBS' when no variable is declared
C:\Users\dell\Downloads\Project1_HDH\NTFS\PartitionBootSector.h(50,38): warning C4244: 'return': conversion from 'LONGLONG' to 'DWORD', possible loss of data
C:\Users\dell\Downloads\Project1_HDH\NTFS\PartitionBootSector.h(53,43): warning C4244: 'return': conversion from 'double' to 'UINT16', possible loss of data
  MFT.cpp
C:\Users\dell\Downloads\Project1_HDH\NTFS\MFT.cpp(27,31): warning C4101: 'headAttr2': unreferenced local variable
  PartitionBootSector.cpp
C:\Users\dell\Downloads\Project1_HDH\NTFS\PartitionBootSector.h(43,2): warning C4091: 'typedef ': ignored on left of 'PBS' when no variable is declared
C:\Users\dell\Downloads\Project1_HDH\NTFS\PartitionBootSector.h(50,38): warning C4244: 'return': conversion from 'LONGLONG' to 'DWORD', possible loss of data
C:\Users\dell\Downloads\Project1_HDH\NTFS\PartitionBootSector.h(53,43): warning C4244: 'return': conversion from 'double' to 'UINT16', possible loss of data
  Utils.cpp
C:\Users\dell\Downloads\Project1_HDH\NTFS\Utils.cpp(30,35): warning C4267: 'initializing': conversion from 'size_t' to 'int', possible loss of data
C:\Users\dell\Downloads\Project1_HDH\NTFS\Utils.cpp(36,18): warning C4244: '=': conversion from '__int64' to 'long', possible loss of data
C:\Users\dell\Downloads\Project1_HDH\NTFS\Utils.cpp(39,18): warning C4244: '=': conversion from '__int64' to 'long', possible loss of data
C:\Users\dell\Downloads\Project1_HDH\NTFS\Utils.cpp(107,26): warning C4554: '>>': check operator precedence for possible error; use parentheses to clarify precedence
C:\Users\dell\Downloads\Project1_HDH\NTFS\Utils.cpp(112,27): warning C4554: '>>': check operator precedence for possible error; use parentheses to clarify precedence
C:\Users\dell\Downloads\Project1_HDH\NTFS\Utils.cpp(129,26): warning C4554: '>>': check operator precedence for possible error; use parentheses to clarify precedence
C:\Users\dell\Downloads\Project1_HDH\NTFS\Utils.cpp(134,26): warning C4554: '>>': check operator precedence for possible error; use parentheses to clarify precedence
  Volume.cpp
C:\Users\dell\Downloads\Project1_HDH\NTFS\PartitionBootSector.h(43,2): warning C4091: 'typedef ': ignored on left of 'PBS' when no variable is declared
C:\Users\dell\Downloads\Project1_HDH\NTFS\PartitionBootSector.h(50,38): warning C4244: 'return': conversion from 'LONGLONG' to 'DWORD', possible loss of data
C:\Users\dell\Downloads\Project1_HDH\NTFS\PartitionBootSector.h(53,43): warning C4244: 'return': conversion from 'double' to 'UINT16', possible loss of data
C:\Users\dell\Downloads\Project1_HDH\NTFS\Volume.cpp(266,24): warning C4267: 'initializing': conversion from 'size_t' to 'int', possible loss of data
C:\Users\dell\Downloads\Project1_HDH\NTFS\Volume.cpp(351,39): warning C4309: 'argument': truncation of constant value
C:\Users\dell\Downloads\Project1_HDH\NTFS\Volume.cpp(356,39): warning C4309: 'argument': truncation of constant value
C:\Users\dell\Downloads\Project1_HDH\NTFS\Volume.cpp(369,21): warning C4267: 'initializing': conversion from 'size_t' to 'int', possible loss of data
C:\Users\dell\Downloads\Project1_HDH\NTFS\Volume.cpp(381,24): warning C4267: 'initializing': conversion from 'size_t' to 'int', possible loss of data
  Generating Code...
  NTFS.vcxproj -> C:\Users\dell\Downloads\Project1_HDH\x64\Debug\NTFS.exe
